Added Component: Designator=S?(MP86A0BUH-G)
Add component. Clean all parameters for all variants
Added Component: Designator=S?(MP86A0BUH-G)
Add component. Clean all parameters for all variants
Added Component: Designator=S?(MP86A0BUH-G)
Add component. Clean all parameters for all variants
Added Component: Designator=S?(MP86A0BUH-G)
Add component. Clean all parameters for all variants
Added Component: Designator=S?(MP86A0BUH-G)
Add component. Clean all parameters for all variants
Added Component: Designator=S?(MP86A0BUH-G)
Add component. Clean all parameters for all variants
Added Component: Designator=S?(MP86A0BUH-G)
Add component. Clean all parameters for all variants
Added Component: Designator=S?(MP86A0BUH-G)
Add component. Clean all parameters for all variants
Added Component: Designator=S?(MP86A0BUH-G)
Add component. Clean all parameters for all variants
Added Component: Designator=S?(MP86A0BUH-G)
Add component. Clean all parameters for all variants
Added Component: Designator=S?(MP86A0BUH-G)
Add component. Clean all parameters for all variants
Added Net: Name=NetS?_1
Added Net: Name=NetS?_2
Added Net: Name=NetS?_3
Added Net: Name=NetS?_B
Added Net: Name=NetS?_C
Added Class: Name=ESP32_Remote_Control
Added Room: Name=ESP32_Remote_Control
